2017-04-25 13:07:40,512 [Worker-6] INFO  o.e.m.c.i.e.AbstractTransferListenerAdapter - Downloading http://repo.maven.apache.org/maven2/org/springframework/boot/spring-boot-starter-parent/1.5.2.RELEASE/spring-boot-starter-parent-1.5.2.RELEASE.pom
2017-04-25 13:07:40,679 [Worker-6] INFO  o.e.m.c.i.e.AbstractTransferListenerAdapter - Downloaded http://repo.maven.apache.org/maven2/org/springframework/boot/spring-boot-starter-parent/1.5.2.RELEASE/spring-boot-starter-parent-1.5.2.RELEASE.pom
2017-04-25 13:07:40,717 [Worker-6] INFO  o.e.m.c.i.e.AbstractTransferListenerAdapter - Downloading http://repo.maven.apache.org/maven2/org/springframework/boot/spring-boot-dependencies/1.5.2.RELEASE/spring-boot-dependencies-1.5.2.RELEASE.pom
2017-04-25 13:07:40,886 [Worker-6] INFO  o.e.m.c.i.e.AbstractTransferListenerAdapter - Downloaded http://repo.maven.apache.org/maven2/org/springframework/boot/spring-boot-dependencies/1.5.2.RELEASE/spring-boot-dependencies-1.5.2.RELEASE.pom
2017-04-25 13:07:40,996 [Worker-6] INFO  o.e.m.c.i.e.AbstractTransferListenerAdapter - Downloading http://repo.maven.apache.org/maven2/com/fasterxml/jackson/jackson-bom/2.8.7/jackson-bom-2.8.7.pom
2017-04-25 13:07:41,141 [Worker-6] INFO  o.e.m.c.i.e.AbstractTransferListenerAdapter - Downloaded http://repo.maven.apache.org/maven2/com/fasterxml/jackson/jackson-bom/2.8.7/jackson-bom-2.8.7.pom
2017-04-25 13:07:41,248 [Worker-6] INFO  o.e.m.c.i.e.AbstractTransferListenerAdapter - Downloading http://repo.maven.apache.org/maven2/org/springframework/spring-framework-bom/4.3.7.RELEASE/spring-framework-bom-4.3.7.RELEASE.pom
2017-04-25 13:07:41,375 [Worker-6] INFO  o.e.m.c.i.e.AbstractTransferListenerAdapter - Downloaded http://repo.maven.apache.org/maven2/org/springframework/spring-framework-bom/4.3.7.RELEASE/spring-framework-bom-4.3.7.RELEASE.pom
2017-04-25 13:07:41,422 [Worker-6] INFO  o.e.m.c.i.e.AbstractTransferListenerAdapter - Downloading http://repo.maven.apache.org/maven2/org/springframework/data/spring-data-releasetrain/Ingalls-SR1/spring-data-releasetrain-Ingalls-SR1.pom
2017-04-25 13:07:41,561 [Worker-6] INFO  o.e.m.c.i.e.AbstractTransferListenerAdapter - Downloaded http://repo.maven.apache.org/maven2/org/springframework/data/spring-data-releasetrain/Ingalls-SR1/spring-data-releasetrain-Ingalls-SR1.pom
2017-04-25 13:07:41,604 [Worker-6] INFO  o.e.m.c.i.e.AbstractTransferListenerAdapter - Downloading http://repo.maven.apache.org/maven2/org/springframework/data/build/spring-data-build/1.9.1.RELEASE/spring-data-build-1.9.1.RELEASE.pom
2017-04-25 13:07:41,744 [Worker-6] INFO  o.e.m.c.i.e.AbstractTransferListenerAdapter - Downloaded http://repo.maven.apache.org/maven2/org/springframework/data/build/spring-data-build/1.9.1.RELEASE/spring-data-build-1.9.1.RELEASE.pom
2017-04-25 13:07:41,790 [Worker-6] INFO  o.e.m.c.i.e.AbstractTransferListenerAdapter - Downloading http://repo.maven.apache.org/maven2/org/springframework/integration/spring-integration-bom/4.3.8.RELEASE/spring-integration-bom-4.3.8.RELEASE.pom
2017-04-25 13:07:41,926 [Worker-6] INFO  o.e.m.c.i.e.AbstractTransferListenerAdapter - Downloaded http://repo.maven.apache.org/maven2/org/springframework/integration/spring-integration-bom/4.3.8.RELEASE/spring-integration-bom-4.3.8.RELEASE.pom
2017-04-25 13:07:41,957 [Worker-6] INFO  o.e.m.c.i.e.AbstractTransferListenerAdapter - Downloading http://repo.maven.apache.org/maven2/org/springframework/security/spring-security-bom/4.2.2.RELEASE/spring-security-bom-4.2.2.RELEASE.pom
2017-04-25 13:07:42,099 [Worker-6] INFO  o.e.m.c.i.e.AbstractTransferListenerAdapter - Downloaded http://repo.maven.apache.org/maven2/org/springframework/security/spring-security-bom/4.2.2.RELEASE/spring-security-bom-4.2.2.RELEASE.pom
2017-04-25 13:07:42,464 [Worker-6] INFO  o.e.m.c.i.e.AbstractTransferListenerAdapter - Downloading http://repo.maven.apache.org/maven2/org/springframework/boot/spring-boot-maven-plugin/1.5.2.RELEASE/spring-boot-maven-plugin-1.5.2.RELEASE.pom
2017-04-25 13:07:42,611 [Worker-6] INFO  o.e.m.c.i.e.AbstractTransferListenerAdapter - Downloaded http://repo.maven.apache.org/maven2/org/springframework/boot/spring-boot-maven-plugin/1.5.2.RELEASE/spring-boot-maven-plugin-1.5.2.RELEASE.pom
2017-04-25 13:07:42,643 [Worker-6] INFO  o.e.m.c.i.e.AbstractTransferListenerAdapter - Downloading http://repo.maven.apache.org/maven2/org/springframework/boot/spring-boot-tools/1.5.2.RELEASE/spring-boot-tools-1.5.2.RELEASE.pom
2017-04-25 13:07:42,763 [Worker-6] INFO  o.e.m.c.i.e.AbstractTransferListenerAdapter - Downloaded http://repo.maven.apache.org/maven2/org/springframework/boot/spring-boot-tools/1.5.2.RELEASE/spring-boot-tools-1.5.2.RELEASE.pom
2017-04-25 13:07:42,797 [Worker-6] INFO  o.e.m.c.i.e.AbstractTransferListenerAdapter - Downloading http://repo.maven.apache.org/maven2/org/springframework/boot/spring-boot-parent/1.5.2.RELEASE/spring-boot-parent-1.5.2.RELEASE.pom
2017-04-25 13:07:42,925 [Worker-6] INFO  o.e.m.c.i.e.AbstractTransferListenerAdapter - Downloaded http://repo.maven.apache.org/maven2/org/springframework/boot/spring-boot-parent/1.5.2.RELEASE/spring-boot-parent-1.5.2.RELEASE.pom
2017-04-25 13:07:43,069 [Worker-6] INFO  o.e.m.c.i.e.AbstractTransferListenerAdapter - Downloading http://repo.maven.apache.org/maven2/org/springframework/boot/spring-boot-maven-plugin/1.5.2.RELEASE/spring-boot-maven-plugin-1.5.2.RELEASE.jar
2017-04-25 13:07:43,325 [Worker-6] INFO  o.e.m.c.i.e.AbstractTransferListenerAdapter - Downloaded http://repo.maven.apache.org/maven2/org/springframework/boot/spring-boot-maven-plugin/1.5.2.RELEASE/spring-boot-maven-plugin-1.5.2.RELEASE.jar
2017-04-25 13:07:44,765 [Worker-6] INFO  o.e.m.c.i.l.LifecycleMappingFactory - Using org.eclipse.m2e.jdt.JarLifecycleMapping lifecycle mapping for MavenProject: com.dukemania:demo:0.0.1-SNAPSHOT @ C:\Users\jusju\git\todo\pom.xml.
2017-04-25 13:07:44,815 [Worker-6] INFO  o.e.m.c.i.e.AbstractTransferListenerAdapter - Downloading http://repo.maven.apache.org/maven2/org/springframework/boot/spring-boot-starter-data-jpa/1.5.2.RELEASE/spring-boot-starter-data-jpa-1.5.2.RELEASE.pom
2017-04-25 13:07:44,940 [Worker-6] INFO  o.e.m.c.i.e.AbstractTransferListenerAdapter - Downloaded http://repo.maven.apache.org/maven2/org/springframework/boot/spring-boot-starter-data-jpa/1.5.2.RELEASE/spring-boot-starter-data-jpa-1.5.2.RELEASE.pom
2017-04-25 13:07:44,971 [Worker-6] INFO  o.e.m.c.i.e.AbstractTransferListenerAdapter - Downloading http://repo.maven.apache.org/maven2/org/springframework/boot/spring-boot-starters/1.5.2.RELEASE/spring-boot-starters-1.5.2.RELEASE.pom
2017-04-25 13:07:45,108 [Worker-6] INFO  o.e.m.c.i.e.AbstractTransferListenerAdapter - Downloaded http://repo.maven.apache.org/maven2/org/springframework/boot/spring-boot-starters/1.5.2.RELEASE/spring-boot-starters-1.5.2.RELEASE.pom
2017-04-25 13:07:45,155 [Worker-6] INFO  o.e.m.c.i.e.AbstractTransferListenerAdapter - Downloading http://repo.maven.apache.org/maven2/org/springframework/boot/spring-boot-starter/1.5.2.RELEASE/spring-boot-starter-1.5.2.RELEASE.pom
2017-04-25 13:07:45,309 [Worker-6] INFO  o.e.m.c.i.e.AbstractTransferListenerAdapter - Downloaded http://repo.maven.apache.org/maven2/org/springframework/boot/spring-boot-starter/1.5.2.RELEASE/spring-boot-starter-1.5.2.RELEASE.pom
2017-04-25 13:07:45,377 [Worker-6] INFO  o.e.m.c.i.e.AbstractTransferListenerAdapter - Downloading http://repo.maven.apache.org/maven2/org/springframework/boot/spring-boot/1.5.2.RELEASE/spring-boot-1.5.2.RELEASE.pom
2017-04-25 13:07:45,531 [Worker-6] INFO  o.e.m.c.i.e.AbstractTransferListenerAdapter - Downloaded http://repo.maven.apache.org/maven2/org/springframework/boot/spring-boot/1.5.2.RELEASE/spring-boot-1.5.2.RELEASE.pom
2017-04-25 13:07:45,586 [Worker-6] INFO  o.e.m.c.i.e.AbstractTransferListenerAdapter - Downloading http://repo.maven.apache.org/maven2/org/springframework/spring-core/4.3.7.RELEASE/spring-core-4.3.7.RELEASE.pom
2017-04-25 13:07:45,648 [Worker-6] INFO  o.e.m.c.i.e.AbstractTransferListenerAdapter - Downloaded http://repo.maven.apache.org/maven2/org/springframework/spring-core/4.3.7.RELEASE/spring-core-4.3.7.RELEASE.pom
2017-04-25 13:07:45,692 [Worker-6] INFO  o.e.m.c.i.e.AbstractTransferListenerAdapter - Downloading http://repo.maven.apache.org/maven2/org/springframework/spring-context/4.3.7.RELEASE/spring-context-4.3.7.RELEASE.pom
2017-04-25 13:07:45,739 [Worker-6] INFO  o.e.m.c.i.e.AbstractTransferListenerAdapter - Downloaded http://repo.maven.apache.org/maven2/org/springframework/spring-context/4.3.7.RELEASE/spring-context-4.3.7.RELEASE.pom
2017-04-25 13:07:45,755 [Worker-6] INFO  o.e.m.c.i.e.AbstractTransferListenerAdapter - Downloading http://repo.maven.apache.org/maven2/org/springframework/spring-aop/4.3.7.RELEASE/spring-aop-4.3.7.RELEASE.pom
2017-04-25 13:07:45,815 [Worker-6] INFO  o.e.m.c.i.e.AbstractTransferListenerAdapter - Downloaded http://repo.maven.apache.org/maven2/org/springframework/spring-aop/4.3.7.RELEASE/spring-aop-4.3.7.RELEASE.pom
2017-04-25 13:07:45,846 [Worker-6] INFO  o.e.m.c.i.e.AbstractTransferListenerAdapter - Downloading http://repo.maven.apache.org/maven2/org/springframework/spring-beans/4.3.7.RELEASE/spring-beans-4.3.7.RELEASE.pom
2017-04-25 13:07:45,893 [Worker-6] INFO  o.e.m.c.i.e.AbstractTransferListenerAdapter - Downloaded http://repo.maven.apache.org/maven2/org/springframework/spring-beans/4.3.7.RELEASE/spring-beans-4.3.7.RELEASE.pom
2017-04-25 13:07:45,924 [Worker-6] INFO  o.e.m.c.i.e.AbstractTransferListenerAdapter - Downloading http://repo.maven.apache.org/maven2/org/springframework/spring-expression/4.3.7.RELEASE/spring-expression-4.3.7.RELEASE.pom
2017-04-25 13:07:45,948 [Worker-6] INFO  o.e.m.c.i.e.AbstractTransferListenerAdapter - Downloaded http://repo.maven.apache.org/maven2/org/springframework/spring-expression/4.3.7.RELEASE/spring-expression-4.3.7.RELEASE.pom
2017-04-25 13:07:45,980 [Worker-6] INFO  o.e.m.c.i.e.AbstractTransferListenerAdapter - Downloading http://repo.maven.apache.org/maven2/org/springframework/boot/spring-boot-autoconfigure/1.5.2.RELEASE/spring-boot-autoconfigure-1.5.2.RELEASE.pom
2017-04-25 13:07:46,117 [Worker-6] INFO  o.e.m.c.i.e.AbstractTransferListenerAdapter - Downloaded http://repo.maven.apache.org/maven2/org/springframework/boot/spring-boot-autoconfigure/1.5.2.RELEASE/spring-boot-autoconfigure-1.5.2.RELEASE.pom
2017-04-25 13:07:46,164 [Worker-6] INFO  o.e.m.c.i.e.AbstractTransferListenerAdapter - Downloading http://repo.maven.apache.org/maven2/org/springframework/boot/spring-boot-starter-logging/1.5.2.RELEASE/spring-boot-starter-logging-1.5.2.RELEASE.pom
2017-04-25 13:07:46,343 [Worker-6] INFO  o.e.m.c.i.e.AbstractTransferListenerAdapter - Downloaded http://repo.maven.apache.org/maven2/org/springframework/boot/spring-boot-starter-logging/1.5.2.RELEASE/spring-boot-starter-logging-1.5.2.RELEASE.pom
2017-04-25 13:07:46,445 [Worker-6] INFO  o.e.m.c.i.e.AbstractTransferListenerAdapter - Downloading http://repo.maven.apache.org/maven2/ch/qos/logback/logback-classic/1.1.11/logback-classic-1.1.11.pom
2017-04-25 13:07:46,573 [Worker-6] INFO  o.e.m.c.i.e.AbstractTransferListenerAdapter - Downloaded http://repo.maven.apache.org/maven2/ch/qos/logback/logback-classic/1.1.11/logback-classic-1.1.11.pom
2017-04-25 13:07:46,620 [Worker-6] INFO  o.e.m.c.i.e.AbstractTransferListenerAdapter - Downloading http://repo.maven.apache.org/maven2/ch/qos/logback/logback-parent/1.1.11/logback-parent-1.1.11.pom
2017-04-25 13:07:46,683 [Worker-6] INFO  o.e.m.c.i.e.AbstractTransferListenerAdapter - Downloaded http://repo.maven.apache.org/maven2/ch/qos/logback/logback-parent/1.1.11/logback-parent-1.1.11.pom
2017-04-25 13:07:46,722 [Worker-6] INFO  o.e.m.c.i.e.AbstractTransferListenerAdapter - Downloading http://repo.maven.apache.org/maven2/ch/qos/logback/logback-core/1.1.11/logback-core-1.1.11.pom
2017-04-25 13:07:46,891 [Worker-6] INFO  o.e.m.c.i.e.AbstractTransferListenerAdapter - Downloaded http://repo.maven.apache.org/maven2/ch/qos/logback/logback-core/1.1.11/logback-core-1.1.11.pom
2017-04-25 13:07:46,922 [Worker-6] INFO  o.e.m.c.i.e.AbstractTransferListenerAdapter - Downloading http://repo.maven.apache.org/maven2/org/slf4j/slf4j-api/1.7.24/slf4j-api-1.7.24.pom
2017-04-25 13:07:47,084 [Worker-6] INFO  o.e.m.c.i.e.AbstractTransferListenerAdapter - Downloaded http://repo.maven.apache.org/maven2/org/slf4j/slf4j-api/1.7.24/slf4j-api-1.7.24.pom
2017-04-25 13:07:47,131 [Worker-6] INFO  o.e.m.c.i.e.AbstractTransferListenerAdapter - Downloading http://repo.maven.apache.org/maven2/org/slf4j/slf4j-parent/1.7.24/slf4j-parent-1.7.24.pom
2017-04-25 13:07:47,273 [Worker-6] INFO  o.e.m.c.i.e.AbstractTransferListenerAdapter - Downloaded http://repo.maven.apache.org/maven2/org/slf4j/slf4j-parent/1.7.24/slf4j-parent-1.7.24.pom
2017-04-25 13:07:47,288 [Worker-6] INFO  o.e.m.c.i.e.AbstractTransferListenerAdapter - Downloading http://repo.maven.apache.org/maven2/org/slf4j/jcl-over-slf4j/1.7.24/jcl-over-slf4j-1.7.24.pom
2017-04-25 13:07:47,449 [Worker-6] INFO  o.e.m.c.i.e.AbstractTransferListenerAdapter - Downloaded http://repo.maven.apache.org/maven2/org/slf4j/jcl-over-slf4j/1.7.24/jcl-over-slf4j-1.7.24.pom
2017-04-25 13:07:47,513 [Worker-6] INFO  o.e.m.c.i.e.AbstractTransferListenerAdapter - Downloading http://repo.maven.apache.org/maven2/org/slf4j/jul-to-slf4j/1.7.24/jul-to-slf4j-1.7.24.pom
2017-04-25 13:07:47,682 [Worker-6] INFO  o.e.m.c.i.e.AbstractTransferListenerAdapter - Downloaded http://repo.maven.apache.org/maven2/org/slf4j/jul-to-slf4j/1.7.24/jul-to-slf4j-1.7.24.pom
2017-04-25 13:07:47,726 [Worker-6] INFO  o.e.m.c.i.e.AbstractTransferListenerAdapter - Downloading http://repo.maven.apache.org/maven2/org/slf4j/log4j-over-slf4j/1.7.24/log4j-over-slf4j-1.7.24.pom
2017-04-25 13:07:47,874 [Worker-6] INFO  o.e.m.c.i.e.AbstractTransferListenerAdapter - Downloaded http://repo.maven.apache.org/maven2/org/slf4j/log4j-over-slf4j/1.7.24/log4j-over-slf4j-1.7.24.pom
2017-04-25 13:07:47,937 [Worker-6] INFO  o.e.m.c.i.e.AbstractTransferListenerAdapter - Downloading http://repo.maven.apache.org/maven2/org/springframework/boot/spring-boot-starter-aop/1.5.2.RELEASE/spring-boot-starter-aop-1.5.2.RELEASE.pom
2017-04-25 13:07:48,134 [Worker-6] INFO  o.e.m.c.i.e.AbstractTransferListenerAdapter - Downloaded http://repo.maven.apache.org/maven2/org/springframework/boot/spring-boot-starter-aop/1.5.2.RELEASE/spring-boot-starter-aop-1.5.2.RELEASE.pom
2017-04-25 13:07:48,181 [Worker-6] INFO  o.e.m.c.i.e.AbstractTransferListenerAdapter - Downloading http://repo.maven.apache.org/maven2/org/springframework/boot/spring-boot-starter-jdbc/1.5.2.RELEASE/spring-boot-starter-jdbc-1.5.2.RELEASE.pom
2017-04-25 13:07:48,337 [Worker-6] INFO  o.e.m.c.i.e.AbstractTransferListenerAdapter - Downloaded http://repo.maven.apache.org/maven2/org/springframework/boot/spring-boot-starter-jdbc/1.5.2.RELEASE/spring-boot-starter-jdbc-1.5.2.RELEASE.pom
2017-04-25 13:07:48,406 [Worker-6] INFO  o.e.m.c.i.e.AbstractTransferListenerAdapter - Downloading http://repo.maven.apache.org/maven2/org/springframework/spring-jdbc/4.3.7.RELEASE/spring-jdbc-4.3.7.RELEASE.pom
2017-04-25 13:07:48,560 [Worker-6] INFO  o.e.m.c.i.e.AbstractTransferListenerAdapter - Downloaded http://repo.maven.apache.org/maven2/org/springframework/spring-jdbc/4.3.7.RELEASE/spring-jdbc-4.3.7.RELEASE.pom
2017-04-25 13:07:48,600 [Worker-6] INFO  o.e.m.c.i.e.AbstractTransferListenerAdapter - Downloading http://repo.maven.apache.org/maven2/org/springframework/spring-tx/4.3.7.RELEASE/spring-tx-4.3.7.RELEASE.pom
2017-04-25 13:07:48,662 [Worker-6] INFO  o.e.m.c.i.e.AbstractTransferListenerAdapter - Downloaded http://repo.maven.apache.org/maven2/org/springframework/spring-tx/4.3.7.RELEASE/spring-tx-4.3.7.RELEASE.pom
2017-04-25 13:07:48,694 [Worker-6] INFO  o.e.m.c.i.e.AbstractTransferListenerAdapter - Downloading http://repo.maven.apache.org/maven2/org/hibernate/hibernate-core/5.0.12.Final/hibernate-core-5.0.12.Final.pom
2017-04-25 13:07:48,843 [Worker-6] INFO  o.e.m.c.i.e.AbstractTransferListenerAdapter - Downloaded http://repo.maven.apache.org/maven2/org/hibernate/hibernate-core/5.0.12.Final/hibernate-core-5.0.12.Final.pom
2017-04-25 13:07:48,924 [Worker-6] INFO  o.e.m.c.i.e.AbstractTransferListenerAdapter - Downloading http://repo.maven.apache.org/maven2/org/hibernate/hibernate-entitymanager/5.0.12.Final/hibernate-entitymanager-5.0.12.Final.pom
2017-04-25 13:07:49,122 [Worker-6] INFO  o.e.m.c.i.e.AbstractTransferListenerAdapter - Downloaded http://repo.maven.apache.org/maven2/org/hibernate/hibernate-entitymanager/5.0.12.Final/hibernate-entitymanager-5.0.12.Final.pom
2017-04-25 13:07:49,177 [Worker-6] INFO  o.e.m.c.i.e.AbstractTransferListenerAdapter - Downloading http://repo.maven.apache.org/maven2/org/springframework/data/spring-data-jpa/1.11.1.RELEASE/spring-data-jpa-1.11.1.RELEASE.pom
2017-04-25 13:07:49,358 [Worker-6] INFO  o.e.m.c.i.e.AbstractTransferListenerAdapter - Downloaded http://repo.maven.apache.org/maven2/org/springframework/data/spring-data-jpa/1.11.1.RELEASE/spring-data-jpa-1.11.1.RELEASE.pom
2017-04-25 13:07:49,394 [Worker-6] INFO  o.e.m.c.i.e.AbstractTransferListenerAdapter - Downloading http://repo.maven.apache.org/maven2/org/springframework/data/build/spring-data-parent/1.9.1.RELEASE/spring-data-parent-1.9.1.RELEASE.pom
2017-04-25 13:07:49,569 [Worker-6] INFO  o.e.m.c.i.e.AbstractTransferListenerAdapter - Downloaded http://repo.maven.apache.org/maven2/org/springframework/data/build/spring-data-parent/1.9.1.RELEASE/spring-data-parent-1.9.1.RELEASE.pom
2017-04-25 13:07:49,625 [Worker-6] INFO  o.e.m.c.i.e.AbstractTransferListenerAdapter - Downloading http://repo.maven.apache.org/maven2/org/springframework/data/spring-data-commons/1.13.1.RELEASE/spring-data-commons-1.13.1.RELEASE.pom
2017-04-25 13:07:49,761 [Worker-6] INFO  o.e.m.c.i.e.AbstractTransferListenerAdapter - Downloaded http://repo.maven.apache.org/maven2/org/springframework/data/spring-data-commons/1.13.1.RELEASE/spring-data-commons-1.13.1.RELEASE.pom
2017-04-25 13:07:49,807 [Worker-6] INFO  o.e.m.c.i.e.AbstractTransferListenerAdapter - Downloading http://repo.maven.apache.org/maven2/org/springframework/spring-orm/4.3.7.RELEASE/spring-orm-4.3.7.RELEASE.pom
2017-04-25 13:07:49,961 [Worker-6] INFO  o.e.m.c.i.e.AbstractTransferListenerAdapter - Downloaded http://repo.maven.apache.org/maven2/org/springframework/spring-orm/4.3.7.RELEASE/spring-orm-4.3.7.RELEASE.pom
2017-04-25 13:07:50,010 [Worker-6] INFO  o.e.m.c.i.e.AbstractTransferListenerAdapter - Downloading http://repo.maven.apache.org/maven2/org/springframework/spring-aspects/4.3.7.RELEASE/spring-aspects-4.3.7.RELEASE.pom
2017-04-25 13:07:50,144 [Worker-6] INFO  o.e.m.c.i.e.AbstractTransferListenerAdapter - Downloaded http://repo.maven.apache.org/maven2/org/springframework/spring-aspects/4.3.7.RELEASE/spring-aspects-4.3.7.RELEASE.pom
2017-04-25 13:07:50,191 [Worker-6] INFO  o.e.m.c.i.e.AbstractTransferListenerAdapter - Downloading http://repo.maven.apache.org/maven2/org/springframework/boot/spring-boot-starter-thymeleaf/1.5.2.RELEASE/spring-boot-starter-thymeleaf-1.5.2.RELEASE.pom
2017-04-25 13:07:50,360 [Worker-6] INFO  o.e.m.c.i.e.AbstractTransferListenerAdapter - Downloaded http://repo.maven.apache.org/maven2/org/springframework/boot/spring-boot-starter-thymeleaf/1.5.2.RELEASE/spring-boot-starter-thymeleaf-1.5.2.RELEASE.pom
2017-04-25 13:07:50,392 [Worker-6] INFO  o.e.m.c.i.e.AbstractTransferListenerAdapter - Downloading http://repo.maven.apache.org/maven2/org/springframework/boot/spring-boot-starter-web/1.5.2.RELEASE/spring-boot-starter-web-1.5.2.RELEASE.pom
2017-04-25 13:07:50,572 [Worker-6] INFO  o.e.m.c.i.e.AbstractTransferListenerAdapter - Downloaded http://repo.maven.apache.org/maven2/org/springframework/boot/spring-boot-starter-web/1.5.2.RELEASE/spring-boot-starter-web-1.5.2.RELEASE.pom
2017-04-25 13:07:50,640 [Worker-6] INFO  o.e.m.c.i.e.AbstractTransferListenerAdapter - Downloading http://repo.maven.apache.org/maven2/org/springframework/boot/spring-boot-starter-tomcat/1.5.2.RELEASE/spring-boot-starter-tomcat-1.5.2.RELEASE.pom
2017-04-25 13:07:50,787 [Worker-6] INFO  o.e.m.c.i.e.AbstractTransferListenerAdapter - Downloaded http://repo.maven.apache.org/maven2/org/springframework/boot/spring-boot-starter-tomcat/1.5.2.RELEASE/spring-boot-starter-tomcat-1.5.2.RELEASE.pom
2017-04-25 13:07:50,928 [Worker-6] INFO  o.e.m.c.i.e.AbstractTransferListenerAdapter - Downloading http://repo.maven.apache.org/maven2/com/fasterxml/jackson/core/jackson-databind/2.8.7/jackson-databind-2.8.7.pom
2017-04-25 13:07:51,083 [Worker-6] INFO  o.e.m.c.i.e.AbstractTransferListenerAdapter - Downloaded http://repo.maven.apache.org/maven2/com/fasterxml/jackson/core/jackson-databind/2.8.7/jackson-databind-2.8.7.pom
2017-04-25 13:07:51,114 [Worker-6] INFO  o.e.m.c.i.e.AbstractTransferListenerAdapter - Downloading http://repo.maven.apache.org/maven2/com/fasterxml/jackson/core/jackson-core/2.8.7/jackson-core-2.8.7.pom
2017-04-25 13:07:51,264 [Worker-6] INFO  o.e.m.c.i.e.AbstractTransferListenerAdapter - Downloaded http://repo.maven.apache.org/maven2/com/fasterxml/jackson/core/jackson-core/2.8.7/jackson-core-2.8.7.pom
2017-04-25 13:07:51,311 [Worker-6] INFO  o.e.m.c.i.e.AbstractTransferListenerAdapter - Downloading http://repo.maven.apache.org/maven2/org/springframework/spring-web/4.3.7.RELEASE/spring-web-4.3.7.RELEASE.pom
2017-04-25 13:07:51,473 [Worker-6] INFO  o.e.m.c.i.e.AbstractTransferListenerAdapter - Downloaded http://repo.maven.apache.org/maven2/org/springframework/spring-web/4.3.7.RELEASE/spring-web-4.3.7.RELEASE.pom
2017-04-25 13:07:51,532 [Worker-6] INFO  o.e.m.c.i.e.AbstractTransferListenerAdapter - Downloading http://repo.maven.apache.org/maven2/org/springframework/spring-webmvc/4.3.7.RELEASE/spring-webmvc-4.3.7.RELEASE.pom
2017-04-25 13:07:51,718 [Worker-6] INFO  o.e.m.c.i.e.AbstractTransferListenerAdapter - Downloaded http://repo.maven.apache.org/maven2/org/springframework/spring-webmvc/4.3.7.RELEASE/spring-webmvc-4.3.7.RELEASE.pom
2017-04-25 13:07:51,788 [Worker-6] INFO  o.e.m.c.i.e.AbstractTransferListenerAdapter - Downloading http://repo.maven.apache.org/maven2/org/codehaus/groovy/groovy/2.4.9/groovy-2.4.9.pom
2017-04-25 13:07:51,973 [Worker-6] INFO  o.e.m.c.i.e.AbstractTransferListenerAdapter - Downloaded http://repo.maven.apache.org/maven2/org/codehaus/groovy/groovy/2.4.9/groovy-2.4.9.pom
2017-04-25 13:07:52,064 [Worker-6] INFO  o.e.m.c.i.e.AbstractTransferListenerAdapter - Downloading http://repo.maven.apache.org/maven2/mysql/mysql-connector-java/5.1.41/mysql-connector-java-5.1.41.pom
2017-04-25 13:07:52,213 [Worker-6] INFO  o.e.m.c.i.e.AbstractTransferListenerAdapter - Downloaded http://repo.maven.apache.org/maven2/mysql/mysql-connector-java/5.1.41/mysql-connector-java-5.1.41.pom
2017-04-25 13:07:52,272 [Worker-6] INFO  o.e.m.c.i.e.AbstractTransferListenerAdapter - Downloading http://repo.maven.apache.org/maven2/org/springframework/boot/spring-boot-starter-test/1.5.2.RELEASE/spring-boot-starter-test-1.5.2.RELEASE.pom
2017-04-25 13:07:52,410 [Worker-6] INFO  o.e.m.c.i.e.AbstractTransferListenerAdapter - Downloaded http://repo.maven.apache.org/maven2/org/springframework/boot/spring-boot-starter-test/1.5.2.RELEASE/spring-boot-starter-test-1.5.2.RELEASE.pom
2017-04-25 13:07:52,457 [Worker-6] INFO  o.e.m.c.i.e.AbstractTransferListenerAdapter - Downloading http://repo.maven.apache.org/maven2/org/springframework/boot/spring-boot-test/1.5.2.RELEASE/spring-boot-test-1.5.2.RELEASE.pom
2017-04-25 13:07:52,605 [Worker-6] INFO  o.e.m.c.i.e.AbstractTransferListenerAdapter - Downloaded http://repo.maven.apache.org/maven2/org/springframework/boot/spring-boot-test/1.5.2.RELEASE/spring-boot-test-1.5.2.RELEASE.pom
2017-04-25 13:07:52,650 [Worker-6] INFO  o.e.m.c.i.e.AbstractTransferListenerAdapter - Downloading http://repo.maven.apache.org/maven2/org/springframework/boot/spring-boot-test-autoconfigure/1.5.2.RELEASE/spring-boot-test-autoconfigure-1.5.2.RELEASE.pom
2017-04-25 13:07:52,789 [Worker-6] INFO  o.e.m.c.i.e.AbstractTransferListenerAdapter - Downloaded http://repo.maven.apache.org/maven2/org/springframework/boot/spring-boot-test-autoconfigure/1.5.2.RELEASE/spring-boot-test-autoconfigure-1.5.2.RELEASE.pom
2017-04-25 13:07:52,939 [Worker-6] INFO  o.e.m.c.i.e.AbstractTransferListenerAdapter - Downloading http://repo.maven.apache.org/maven2/org/springframework/spring-test/4.3.7.RELEASE/spring-test-4.3.7.RELEASE.pom
2017-04-25 13:07:53,079 [Worker-6] INFO  o.e.m.c.i.e.AbstractTransferListenerAdapter - Downloaded http://repo.maven.apache.org/maven2/org/springframework/spring-test/4.3.7.RELEASE/spring-test-4.3.7.RELEASE.pom
2017-04-25 13:07:53,321 [Worker-6] INFO  o.e.m.c.i.e.AbstractTransferListenerAdapter - Downloading http://repo.maven.apache.org/maven2/org/springframework/boot/spring-boot-starter-data-jpa/1.5.2.RELEASE/spring-boot-starter-data-jpa-1.5.2.RELEASE.jar
2017-04-25 13:07:53,475 [Worker-6] INFO  o.e.m.c.i.e.AbstractTransferListenerAdapter - Downloaded http://repo.maven.apache.org/maven2/org/springframework/boot/spring-boot-starter-data-jpa/1.5.2.RELEASE/spring-boot-starter-data-jpa-1.5.2.RELEASE.jar
2017-04-25 13:07:53,491 [Worker-6] INFO  o.e.m.c.i.e.AbstractTransferListenerAdapter - Downloading http://repo.maven.apache.org/maven2/org/springframework/boot/spring-boot-starter/1.5.2.RELEASE/spring-boot-starter-1.5.2.RELEASE.jar
2017-04-25 13:07:53,682 [Worker-6] INFO  o.e.m.c.i.e.AbstractTransferListenerAdapter - Downloaded http://repo.maven.apache.org/maven2/org/springframework/boot/spring-boot-starter/1.5.2.RELEASE/spring-boot-starter-1.5.2.RELEASE.jar
2017-04-25 13:07:53,697 [Worker-6] INFO  o.e.m.c.i.e.AbstractTransferListenerAdapter - Downloading http://repo.maven.apache.org/maven2/org/springframework/boot/spring-boot/1.5.2.RELEASE/spring-boot-1.5.2.RELEASE.jar
2017-04-25 13:07:54,217 [Worker-6] INFO  o.e.m.c.i.e.AbstractTransferListenerAdapter - Downloaded http://repo.maven.apache.org/maven2/org/springframework/boot/spring-boot/1.5.2.RELEASE/spring-boot-1.5.2.RELEASE.jar
2017-04-25 13:07:54,248 [Worker-6] INFO  o.e.m.c.i.e.AbstractTransferListenerAdapter - Downloading http://repo.maven.apache.org/maven2/org/springframework/boot/spring-boot-autoconfigure/1.5.2.RELEASE/spring-boot-autoconfigure-1.5.2.RELEASE.jar
2017-04-25 13:07:54,991 [Worker-6] INFO  o.e.m.c.i.e.AbstractTransferListenerAdapter - Downloaded http://repo.maven.apache.org/maven2/org/springframework/boot/spring-boot-autoconfigure/1.5.2.RELEASE/spring-boot-autoconfigure-1.5.2.RELEASE.jar
2017-04-25 13:07:55,006 [Worker-6] INFO  o.e.m.c.i.e.AbstractTransferListenerAdapter - Downloading http://repo.maven.apache.org/maven2/org/springframework/boot/spring-boot-starter-logging/1.5.2.RELEASE/spring-boot-starter-logging-1.5.2.RELEASE.jar
2017-04-25 13:07:55,192 [Worker-6] INFO  o.e.m.c.i.e.AbstractTransferListenerAdapter - Downloaded http://repo.maven.apache.org/maven2/org/springframework/boot/spring-boot-starter-logging/1.5.2.RELEASE/spring-boot-starter-logging-1.5.2.RELEASE.jar
2017-04-25 13:07:55,213 [Worker-6] INFO  o.e.m.c.i.e.AbstractTransferListenerAdapter - Downloading http://repo.maven.apache.org/maven2/ch/qos/logback/logback-classic/1.1.11/logback-classic-1.1.11.jar
2017-04-25 13:07:55,665 [Worker-6] INFO  o.e.m.c.i.e.AbstractTransferListenerAdapter - Downloaded http://repo.maven.apache.org/maven2/ch/qos/logback/logback-classic/1.1.11/logback-classic-1.1.11.jar
2017-04-25 13:07:55,681 [Worker-6] INFO  o.e.m.c.i.e.AbstractTransferListenerAdapter - Downloading http://repo.maven.apache.org/maven2/ch/qos/logback/logback-core/1.1.11/logback-core-1.1.11.jar
2017-04-25 13:07:56,181 [Worker-6] INFO  o.e.m.c.i.e.AbstractTransferListenerAdapter - Downloaded http://repo.maven.apache.org/maven2/ch/qos/logback/logback-core/1.1.11/logback-core-1.1.11.jar
2017-04-25 13:07:56,202 [Worker-6] INFO  o.e.m.c.i.e.AbstractTransferListenerAdapter - Downloading http://repo.maven.apache.org/maven2/org/slf4j/jul-to-slf4j/1.7.24/jul-to-slf4j-1.7.24.jar
2017-04-25 13:07:56,256 [Worker-6] INFO  o.e.m.c.i.e.AbstractTransferListenerAdapter - Downloaded http://repo.maven.apache.org/maven2/org/slf4j/jul-to-slf4j/1.7.24/jul-to-slf4j-1.7.24.jar
2017-04-25 13:07:56,287 [Worker-6] INFO  o.e.m.c.i.e.AbstractTransferListenerAdapter - Downloading http://repo.maven.apache.org/maven2/org/slf4j/log4j-over-slf4j/1.7.24/log4j-over-slf4j-1.7.24.jar
2017-04-25 13:07:56,527 [Worker-6] INFO  o.e.m.c.i.e.AbstractTransferListenerAdapter - Downloaded http://repo.maven.apache.org/maven2/org/slf4j/log4j-over-slf4j/1.7.24/log4j-over-slf4j-1.7.24.jar
2017-04-25 13:07:56,542 [Worker-6] INFO  o.e.m.c.i.e.AbstractTransferListenerAdapter - Downloading http://repo.maven.apache.org/maven2/org/springframework/boot/spring-boot-starter-aop/1.5.2.RELEASE/spring-boot-starter-aop-1.5.2.RELEASE.jar
2017-04-25 13:07:56,712 [Worker-6] INFO  o.e.m.c.i.e.AbstractTransferListenerAdapter - Downloaded http://repo.maven.apache.org/maven2/org/springframework/boot/spring-boot-starter-aop/1.5.2.RELEASE/spring-boot-starter-aop-1.5.2.RELEASE.jar
2017-04-25 13:07:56,720 [Worker-6] INFO  o.e.m.c.i.e.AbstractTransferListenerAdapter - Downloading http://repo.maven.apache.org/maven2/org/springframework/spring-aop/4.3.7.RELEASE/spring-aop-4.3.7.RELEASE.jar
2017-04-25 13:07:57,113 [Worker-6] INFO  o.e.m.c.i.e.AbstractTransferListenerAdapter - Downloaded http://repo.maven.apache.org/maven2/org/springframework/spring-aop/4.3.7.RELEASE/spring-aop-4.3.7.RELEASE.jar
2017-04-25 13:07:57,113 [Worker-6] INFO  o.e.m.c.i.e.AbstractTransferListenerAdapter - Downloading http://repo.maven.apache.org/maven2/org/springframework/boot/spring-boot-starter-jdbc/1.5.2.RELEASE/spring-boot-starter-jdbc-1.5.2.RELEASE.jar
2017-04-25 13:07:58,507 [Worker-6] INFO  o.e.m.c.i.e.AbstractTransferListenerAdapter - Downloaded http://repo.maven.apache.org/maven2/org/springframework/boot/spring-boot-starter-jdbc/1.5.2.RELEASE/spring-boot-starter-jdbc-1.5.2.RELEASE.jar
2017-04-25 13:07:58,538 [Worker-6] INFO  o.e.m.c.i.e.AbstractTransferListenerAdapter - Downloading http://repo.maven.apache.org/maven2/org/springframework/spring-jdbc/4.3.7.RELEASE/spring-jdbc-4.3.7.RELEASE.jar
2017-04-25 13:07:58,987 [Worker-6] INFO  o.e.m.c.i.e.AbstractTransferListenerAdapter - Downloaded http://repo.maven.apache.org/maven2/org/springframework/spring-jdbc/4.3.7.RELEASE/spring-jdbc-4.3.7.RELEASE.jar
2017-04-25 13:07:59,002 [Worker-6] INFO  o.e.m.c.i.e.AbstractTransferListenerAdapter - Downloading http://repo.maven.apache.org/maven2/org/hibernate/hibernate-core/5.0.12.Final/hibernate-core-5.0.12.Final.jar
2017-04-25 13:08:01,329 [Worker-6] INFO  o.e.m.c.i.e.AbstractTransferListenerAdapter - Downloaded http://repo.maven.apache.org/maven2/org/hibernate/hibernate-core/5.0.12.Final/hibernate-core-5.0.12.Final.jar
2017-04-25 13:08:01,361 [Worker-6] INFO  o.e.m.c.i.e.AbstractTransferListenerAdapter - Downloading http://repo.maven.apache.org/maven2/org/hibernate/hibernate-entitymanager/5.0.12.Final/hibernate-entitymanager-5.0.12.Final.jar
2017-04-25 13:08:02,168 [Worker-6] INFO  o.e.m.c.i.e.AbstractTransferListenerAdapter - Downloaded http://repo.maven.apache.org/maven2/org/hibernate/hibernate-entitymanager/5.0.12.Final/hibernate-entitymanager-5.0.12.Final.jar
2017-04-25 13:08:02,184 [Worker-6] INFO  o.e.m.c.i.e.AbstractTransferListenerAdapter - Downloading http://repo.maven.apache.org/maven2/org/springframework/data/spring-data-jpa/1.11.1.RELEASE/spring-data-jpa-1.11.1.RELEASE.jar
2017-04-25 13:08:02,655 [Worker-6] INFO  o.e.m.c.i.e.AbstractTransferListenerAdapter - Downloaded http://repo.maven.apache.org/maven2/org/springframework/data/spring-data-jpa/1.11.1.RELEASE/spring-data-jpa-1.11.1.RELEASE.jar
2017-04-25 13:08:02,686 [Worker-6] INFO  o.e.m.c.i.e.AbstractTransferListenerAdapter - Downloading http://repo.maven.apache.org/maven2/org/springframework/data/spring-data-commons/1.13.1.RELEASE/spring-data-commons-1.13.1.RELEASE.jar
2017-04-25 13:08:03,281 [Worker-6] INFO  o.e.m.c.i.e.AbstractTransferListenerAdapter - Downloaded http://repo.maven.apache.org/maven2/org/springframework/data/spring-data-commons/1.13.1.RELEASE/spring-data-commons-1.13.1.RELEASE.jar
2017-04-25 13:08:03,312 [Worker-6] INFO  o.e.m.c.i.e.AbstractTransferListenerAdapter - Downloading http://repo.maven.apache.org/maven2/org/springframework/spring-orm/4.3.7.RELEASE/spring-orm-4.3.7.RELEASE.jar
2017-04-25 13:08:03,818 [Worker-6] INFO  o.e.m.c.i.e.AbstractTransferListenerAdapter - Downloaded http://repo.maven.apache.org/maven2/org/springframework/spring-orm/4.3.7.RELEASE/spring-orm-4.3.7.RELEASE.jar
2017-04-25 13:08:03,825 [Worker-6] INFO  o.e.m.c.i.e.AbstractTransferListenerAdapter - Downloading http://repo.maven.apache.org/maven2/org/springframework/spring-context/4.3.7.RELEASE/spring-context-4.3.7.RELEASE.jar
2017-04-25 13:08:04,236 [Worker-6] INFO  o.e.m.c.i.e.AbstractTransferListenerAdapter - Downloaded http://repo.maven.apache.org/maven2/org/springframework/spring-context/4.3.7.RELEASE/spring-context-4.3.7.RELEASE.jar
2017-04-25 13:08:04,267 [Worker-6] INFO  o.e.m.c.i.e.AbstractTransferListenerAdapter - Downloading http://repo.maven.apache.org/maven2/org/springframework/spring-tx/4.3.7.RELEASE/spring-tx-4.3.7.RELEASE.jar
2017-04-25 13:08:04,582 [Worker-6] INFO  o.e.m.c.i.e.AbstractTransferListenerAdapter - Downloaded http://repo.maven.apache.org/maven2/org/springframework/spring-tx/4.3.7.RELEASE/spring-tx-4.3.7.RELEASE.jar
2017-04-25 13:08:04,614 [Worker-6] INFO  o.e.m.c.i.e.AbstractTransferListenerAdapter - Downloading http://repo.maven.apache.org/maven2/org/springframework/spring-beans/4.3.7.RELEASE/spring-beans-4.3.7.RELEASE.jar
2017-04-25 13:08:05,117 [Worker-6] INFO  o.e.m.c.i.e.AbstractTransferListenerAdapter - Downloaded http://repo.maven.apache.org/maven2/org/springframework/spring-beans/4.3.7.RELEASE/spring-beans-4.3.7.RELEASE.jar
2017-04-25 13:08:05,133 [Worker-6] INFO  o.e.m.c.i.e.AbstractTransferListenerAdapter - Downloading http://repo.maven.apache.org/maven2/org/slf4j/slf4j-api/1.7.24/slf4j-api-1.7.24.jar
2017-04-25 13:08:05,393 [Worker-6] INFO  o.e.m.c.i.e.AbstractTransferListenerAdapter - Downloaded http://repo.maven.apache.org/maven2/org/slf4j/slf4j-api/1.7.24/slf4j-api-1.7.24.jar
2017-04-25 13:08:05,424 [Worker-6] INFO  o.e.m.c.i.e.AbstractTransferListenerAdapter - Downloading http://repo.maven.apache.org/maven2/org/slf4j/jcl-over-slf4j/1.7.24/jcl-over-slf4j-1.7.24.jar
2017-04-25 13:08:05,677 [Worker-6] INFO  o.e.m.c.i.e.AbstractTransferListenerAdapter - Downloaded http://repo.maven.apache.org/maven2/org/slf4j/jcl-over-slf4j/1.7.24/jcl-over-slf4j-1.7.24.jar
2017-04-25 13:08:05,692 [Worker-6] INFO  o.e.m.c.i.e.AbstractTransferListenerAdapter - Downloading http://repo.maven.apache.org/maven2/org/springframework/spring-aspects/4.3.7.RELEASE/spring-aspects-4.3.7.RELEASE.jar
2017-04-25 13:08:05,949 [Worker-6] INFO  o.e.m.c.i.e.AbstractTransferListenerAdapter - Downloaded http://repo.maven.apache.org/maven2/org/springframework/spring-aspects/4.3.7.RELEASE/spring-aspects-4.3.7.RELEASE.jar
2017-04-25 13:08:05,975 [Worker-6] INFO  o.e.m.c.i.e.AbstractTransferListenerAdapter - Downloading http://repo.maven.apache.org/maven2/org/springframework/boot/spring-boot-starter-thymeleaf/1.5.2.RELEASE/spring-boot-starter-thymeleaf-1.5.2.RELEASE.jar
2017-04-25 13:08:06,132 [Worker-6] INFO  o.e.m.c.i.e.AbstractTransferListenerAdapter - Downloaded http://repo.maven.apache.org/maven2/org/springframework/boot/spring-boot-starter-thymeleaf/1.5.2.RELEASE/spring-boot-starter-thymeleaf-1.5.2.RELEASE.jar
2017-04-25 13:08:06,163 [Worker-6] INFO  o.e.m.c.i.e.AbstractTransferListenerAdapter - Downloading http://repo.maven.apache.org/maven2/org/codehaus/groovy/groovy/2.4.9/groovy-2.4.9.jar
2017-04-25 13:08:08,412 [Worker-6] INFO  o.e.m.c.i.e.AbstractTransferListenerAdapter - Downloaded http://repo.maven.apache.org/maven2/org/codehaus/groovy/groovy/2.4.9/groovy-2.4.9.jar
2017-04-25 13:08:08,443 [Worker-6] INFO  o.e.m.c.i.e.AbstractTransferListenerAdapter - Downloading http://repo.maven.apache.org/maven2/org/springframework/boot/spring-boot-starter-web/1.5.2.RELEASE/spring-boot-starter-web-1.5.2.RELEASE.jar
2017-04-25 13:08:08,651 [Worker-6] INFO  o.e.m.c.i.e.AbstractTransferListenerAdapter - Downloaded http://repo.maven.apache.org/maven2/org/springframework/boot/spring-boot-starter-web/1.5.2.RELEASE/spring-boot-starter-web-1.5.2.RELEASE.jar
2017-04-25 13:08:08,682 [Worker-6] INFO  o.e.m.c.i.e.AbstractTransferListenerAdapter - Downloading http://repo.maven.apache.org/maven2/org/springframework/boot/spring-boot-starter-tomcat/1.5.2.RELEASE/spring-boot-starter-tomcat-1.5.2.RELEASE.jar
2017-04-25 13:08:08,874 [Worker-6] INFO  o.e.m.c.i.e.AbstractTransferListenerAdapter - Downloaded http://repo.maven.apache.org/maven2/org/springframework/boot/spring-boot-starter-tomcat/1.5.2.RELEASE/spring-boot-starter-tomcat-1.5.2.RELEASE.jar
2017-04-25 13:08:08,890 [Worker-6] INFO  o.e.m.c.i.e.AbstractTransferListenerAdapter - Downloading http://repo.maven.apache.org/maven2/com/fasterxml/jackson/core/jackson-databind/2.8.7/jackson-databind-2.8.7.jar
2017-04-25 13:08:09,442 [Worker-6] INFO  o.e.m.c.i.e.AbstractTransferListenerAdapter - Downloaded http://repo.maven.apache.org/maven2/com/fasterxml/jackson/core/jackson-databind/2.8.7/jackson-databind-2.8.7.jar
2017-04-25 13:08:09,458 [Worker-6] INFO  o.e.m.c.i.e.AbstractTransferListenerAdapter - Downloading http://repo.maven.apache.org/maven2/com/fasterxml/jackson/core/jackson-core/2.8.7/jackson-core-2.8.7.jar
2017-04-25 13:08:09,803 [Worker-6] INFO  o.e.m.c.i.e.AbstractTransferListenerAdapter - Downloaded http://repo.maven.apache.org/maven2/com/fasterxml/jackson/core/jackson-core/2.8.7/jackson-core-2.8.7.jar
2017-04-25 13:08:09,835 [Worker-6] INFO  o.e.m.c.i.e.AbstractTransferListenerAdapter - Downloading http://repo.maven.apache.org/maven2/org/springframework/spring-web/4.3.7.RELEASE/spring-web-4.3.7.RELEASE.jar
2017-04-25 13:08:10,460 [Worker-6] INFO  o.e.m.c.i.e.AbstractTransferListenerAdapter - Downloaded http://repo.maven.apache.org/maven2/org/springframework/spring-web/4.3.7.RELEASE/spring-web-4.3.7.RELEASE.jar
2017-04-25 13:08:10,475 [Worker-6] INFO  o.e.m.c.i.e.AbstractTransferListenerAdapter - Downloading http://repo.maven.apache.org/maven2/org/springframework/spring-webmvc/4.3.7.RELEASE/spring-webmvc-4.3.7.RELEASE.jar
2017-04-25 13:08:11,125 [Worker-6] INFO  o.e.m.c.i.e.AbstractTransferListenerAdapter - Downloaded http://repo.maven.apache.org/maven2/org/springframework/spring-webmvc/4.3.7.RELEASE/spring-webmvc-4.3.7.RELEASE.jar
2017-04-25 13:08:11,155 [Worker-6] INFO  o.e.m.c.i.e.AbstractTransferListenerAdapter - Downloading http://repo.maven.apache.org/maven2/org/springframework/spring-expression/4.3.7.RELEASE/spring-expression-4.3.7.RELEASE.jar
2017-04-25 13:08:11,456 [Worker-6] INFO  o.e.m.c.i.e.AbstractTransferListenerAdapter - Downloaded http://repo.maven.apache.org/maven2/org/springframework/spring-expression/4.3.7.RELEASE/spring-expression-4.3.7.RELEASE.jar
2017-04-25 13:08:11,635 [Worker-6] INFO  o.e.m.c.i.e.AbstractTransferListenerAdapter - Downloading http://repo.maven.apache.org/maven2/mysql/mysql-connector-java/5.1.41/mysql-connector-java-5.1.41.jar
2017-04-25 13:08:12,298 [Worker-6] INFO  o.e.m.c.i.e.AbstractTransferListenerAdapter - Downloaded http://repo.maven.apache.org/maven2/mysql/mysql-connector-java/5.1.41/mysql-connector-java-5.1.41.jar
2017-04-25 13:08:12,330 [Worker-6] INFO  o.e.m.c.i.e.AbstractTransferListenerAdapter - Downloading http://repo.maven.apache.org/maven2/org/springframework/boot/spring-boot-starter-test/1.5.2.RELEASE/spring-boot-starter-test-1.5.2.RELEASE.jar
2017-04-25 13:08:12,499 [Worker-6] INFO  o.e.m.c.i.e.AbstractTransferListenerAdapter - Downloaded http://repo.maven.apache.org/maven2/org/springframework/boot/spring-boot-starter-test/1.5.2.RELEASE/spring-boot-starter-test-1.5.2.RELEASE.jar
2017-04-25 13:08:12,514 [Worker-6] INFO  o.e.m.c.i.e.AbstractTransferListenerAdapter - Downloading http://repo.maven.apache.org/maven2/org/springframework/boot/spring-boot-test/1.5.2.RELEASE/spring-boot-test-1.5.2.RELEASE.jar
2017-04-25 13:08:12,845 [Worker-6] INFO  o.e.m.c.i.e.AbstractTransferListenerAdapter - Downloaded http://repo.maven.apache.org/maven2/org/springframework/boot/spring-boot-test/1.5.2.RELEASE/spring-boot-test-1.5.2.RELEASE.jar
2017-04-25 13:08:12,845 [Worker-6] INFO  o.e.m.c.i.e.AbstractTransferListenerAdapter - Downloading http://repo.maven.apache.org/maven2/org/springframework/boot/spring-boot-test-autoconfigure/1.5.2.RELEASE/spring-boot-test-autoconfigure-1.5.2.RELEASE.jar
2017-04-25 13:08:13,148 [Worker-6] INFO  o.e.m.c.i.e.AbstractTransferListenerAdapter - Downloaded http://repo.maven.apache.org/maven2/org/springframework/boot/spring-boot-test-autoconfigure/1.5.2.RELEASE/spring-boot-test-autoconfigure-1.5.2.RELEASE.jar
2017-04-25 13:08:13,178 [Worker-6] INFO  o.e.m.c.i.e.AbstractTransferListenerAdapter - Downloading http://repo.maven.apache.org/maven2/org/springframework/spring-core/4.3.7.RELEASE/spring-core-4.3.7.RELEASE.jar
2017-04-25 13:08:13,878 [Worker-6] INFO  o.e.m.c.i.e.AbstractTransferListenerAdapter - Downloaded http://repo.maven.apache.org/maven2/org/springframework/spring-core/4.3.7.RELEASE/spring-core-4.3.7.RELEASE.jar
2017-04-25 13:08:13,893 [Worker-6] INFO  o.e.m.c.i.e.AbstractTransferListenerAdapter - Downloading http://repo.maven.apache.org/maven2/org/springframework/spring-test/4.3.7.RELEASE/spring-test-4.3.7.RELEASE.jar
2017-04-25 13:08:14,404 [Worker-6] INFO  o.e.m.c.i.e.AbstractTransferListenerAdapter - Downloaded http://repo.maven.apache.org/maven2/org/springframework/spring-test/4.3.7.RELEASE/spring-test-4.3.7.RELEASE.jar
2017-04-25 13:08:14,830 [Worker-6] WARN  o.e.m.c.i.embedder.EclipseLogger - Failed to dispatch repository event to org.eclipse.m2e.core.internal.embedder.EclipseRepositoryListener: null
2017-04-25 13:08:15,838 [Worker-6] WARN  o.e.m.c.i.embedder.EclipseLogger - Failed to dispatch repository event to org.eclipse.m2e.core.internal.embedder.EclipseRepositoryListener: null
2017-04-25 13:08:17,539 [Worker-6] INFO  o.e.m.j.i.AbstractJavaProjectConfigurator - Adding source folder /demo/src/main/java
2017-04-25 13:08:17,539 [Worker-6] INFO  o.e.m.j.i.AbstractJavaProjectConfigurator - Adding resource folder /demo/src/main/resources
2017-04-25 13:08:17,539 [Worker-6] INFO  o.e.m.j.i.AbstractJavaProjectConfigurator - Adding resource folder /demo/src/main/resources
2017-04-25 13:08:17,539 [Worker-6] INFO  o.e.m.j.i.AbstractJavaProjectConfigurator - Adding source folder /demo/src/test/java
2017-04-25 13:08:18,220 [Worker-16] INFO  o.e.m.c.i.l.LifecycleMappingFactory - Using org.eclipse.m2e.jdt.JarLifecycleMapping lifecycle mapping for MavenProject: com.dukemania:demo:0.0.1-SNAPSHOT @ C:\Users\jusju\git\todo\pom.xml.
2017-04-25 13:08:19,371 [Worker-6] INFO  o.e.m.c.i.p.ProjectConfigurationManager - Imported and configured 1 project(s) in 39 sec
2017-04-25 13:08:20,837 [Worker-9] INFO  o.e.m.c.i.l.LifecycleMappingFactory - Using org.eclipse.m2e.jdt.JarLifecycleMapping lifecycle mapping for MavenProject: com.dukemania:demo:0.0.1-SNAPSHOT @ C:\Users\jusju\git\todo\pom.xml.
2017-04-25 13:08:22,183 [Worker-9] INFO  o.e.m.c.i.embedder.EclipseLogger - Using 'UTF-8' encoding to copy filtered resources.
2017-04-25 13:08:22,188 [Worker-9] INFO  o.e.m.c.i.embedder.EclipseLogger - Copying 1 resource
2017-04-25 13:08:22,208 [Worker-9] INFO  o.e.m.c.i.embedder.EclipseLogger - Copying 4 resources
2017-04-25 13:08:22,219 [Worker-9] INFO  o.e.m.c.i.embedder.EclipseLogger - Using 'UTF-8' encoding to copy filtered resources.
2017-04-25 13:08:22,219 [Worker-9] INFO  o.e.m.c.i.embedder.EclipseLogger - skip non existing resourceDirectory C:\Users\jusju\git\todo\src\test\resources
